# JRE version: OpenJDK Runtime Environment (8.0_212-b04) (build 1.8.0_212-release-1586-b04)
# Java VM: OpenJDK 64-Bit Server VM (25.212-b04 mixed mode windows-amd64 compressed oops)
Heap:
 PSYoungGen      total 222720K, used 34304K [0x00000000e0000000, 0x00000000f1500000, 0x0000000100000000)
  eden space 201216K, 9% used [0x00000000e0000000,0x00000000e1222798,0x00000000ec480000)
  from space 21504K, 73% used [0x00000000ec480000,0x00000000ed3dd878,0x00000000ed980000)
  to   space 22528K, 0% used [0x00000000eff00000,0x00000000eff00000,0x00000000f1500000)
 ParOldGen       total 140800K, used 34346K [0x00000000a0000000, 0x00000000a8980000, 0x00000000e0000000)
  object space 140800K, 24% used [0x00000000a0000000,0x00000000a218a820,0x00000000a8980000)
 Metaspace       used 64355K, capacity 66786K, committed 66904K, reserved 1107968K
  class space    used 8783K, capacity 9300K, committed 9304K, reserved 1048576K
GC Heap History (10 events):
Event: 3.289 GC heap before
{Heap before GC invocations=10 (full 2):
 PSYoungGen      total 176640K, used 8417K [0x00000000e0000000, 0x00000000ee600000, 0x0000000100000000)
  eden space 162304K, 0% used [0x00000000e0000000,0x00000000e0000000,0x00000000e9e80000)
  from space 14336K, 58% used [0x00000000eac00000,0x00000000eb4386e8,0x00000000eba00000)
  to   space 13824K, 0% used [0x00000000e9e80000,0x00000000e9e80000,0x00000000eac00000)
 ParOldGen       total 65536K, used 12130K [0x00000000a0000000, 0x00000000a4000000, 0x00000000e0000000)
  object space 65536K, 18% used [0x00000000a0000000,0x00000000a0bd8ba8,0x00000000a4000000)
 Metaspace       used 34556K, capacity 35386K, committed 35456K, reserved 1079296K
  class space    used 4752K, capacity 4974K, committed 4992K, reserved 1048576K
Event: 3.337 GC heap after
Heap after GC invocations=10 (full 2):
 PSYoungGen      total 176640K, used 0K [0x00000000e0000000, 0x00000000ee600000, 0x0000000100000000)
  eden space 162304K, 0% used [0x00000000e0000000,0x00000000e0000000,0x00000000e9e80000)
  from space 14336K, 0% used [0x00000000eac00000,0x00000000eac00000,0x00000000eba00000)
  to   space 13824K, 0% used [0x00000000e9e80000,0x00000000e9e80000,0x00000000eac00000)
 ParOldGen       total 92672K, used 15365K [0x00000000a0000000, 0x00000000a5a80000, 0x00000000e0000000)
  object space 92672K, 16% used [0x00000000a0000000,0x00000000a0f01608,0x00000000a5a80000)
 Metaspace       used 34525K, capacity 35284K, committed 35456K, reserved 1079296K
  class space    used 4743K, capacity 4957K, committed 4992K, reserved 1048576K
}
Event: 5.842 GC heap before
{Heap before GC invocations=11 (full 2):
 PSYoungGen      total 176640K, used 162304K [0x00000000e0000000, 0x00000000ee600000, 0x0000000100000000)
  eden space 162304K, 100% used [0x00000000e0000000,0x00000000e9e80000,0x00000000e9e80000)
  from space 14336K, 0% used [0x00000000eac00000,0x00000000eac00000,0x00000000eba00000)
  to   space 13824K, 0% used [0x00000000e9e80000,0x00000000e9e80000,0x00000000eac00000)
 ParOldGen       total 92672K, used 15365K [0x00000000a0000000, 0x00000000a5a80000, 0x00000000e0000000)
  object space 92672K, 16% used [0x00000000a0000000,0x00000000a0f01608,0x00000000a5a80000)
 Metaspace       used 50642K, capacity 52170K, committed 52352K, reserved 1093632K
  class space    used 6883K, capacity 7258K, committed 7296K, reserved 1048576K
Event: 5.860 GC heap after
Heap after GC invocations=11 (full 2):
 PSYoungGen      total 176128K, used 13794K [0x00000000e0000000, 0x00000000eec00000, 0x0000000100000000)
  eden space 162304K, 0% used [0x00000000e0000000,0x00000000e0000000,0x00000000e9e80000)
  from space 13824K, 99% used [0x00000000e9e80000,0x00000000eabf8a60,0x00000000eac00000)
  to   space 18432K, 0% used [0x00000000eda00000,0x00000000eda00000,0x00000000eec00000)
 ParOldGen       total 92672K, used 22468K [0x00000000a0000000, 0x00000000a5a80000, 0x00000000e0000000)
  object space 92672K, 24% used [0x00000000a0000000,0x00000000a15f1148,0x00000000a5a80000)
 Metaspace       used 50642K, capacity 52170K, committed 52352K, reserved 1093632K
  class space    used 6883K, capacity 7258K, committed 7296K, reserved 1048576K
}
Event: 7.965 GC heap before
{Heap before GC invocations=12 (full 2):
 PSYoungGen      total 176128K, used 112774K [0x00000000e0000000, 0x00000000eec00000, 0x0000000100000000)
  eden space 162304K, 60% used [0x00000000e0000000,0x00000000e60a8f38,0x00000000e9e80000)
  from space 13824K, 99% used [0x00000000e9e80000,0x00000000eabf8a60,0x00000000eac00000)
  to   space 18432K, 0% used [0x00000000eda00000,0x00000000eda00000,0x00000000eec00000)
 ParOldGen       total 92672K, used 22468K [0x00000000a0000000, 0x00000000a5a80000, 0x00000000e0000000)
  object space 92672K, 24% used [0x00000000a0000000,0x00000000a15f1148,0x00000000a5a80000)
 Metaspace       used 56950K, capacity 59014K, committed 59096K, reserved 1099776K
  class space    used 7887K, capacity 8376K, committed 8408K, reserved 1048576K
Event: 7.982 GC heap after
Heap after GC invocations=12 (full 2):
 PSYoungGen      total 219648K, used 18422K [0x00000000e0000000, 0x00000000eee80000, 0x0000000100000000)
  eden space 201216K, 0% used [0x00000000e0000000,0x00000000e0000000,0x00000000ec480000)
  from space 18432K, 99% used [0x00000000eda00000,0x00000000eebfd8f8,0x00000000eec00000)
  to   space 21504K, 0% used [0x00000000ec480000,0x00000000ec480000,0x00000000ed980000)
 ParOldGen       total 92672K, used 24380K [0x00000000a0000000, 0x00000000a5a80000, 0x00000000e0000000)
  object space 92672K, 26% used [0x00000000a0000000,0x00000000a17cf1b8,0x00000000a5a80000)
 Metaspace       used 56950K, capacity 59014K, committed 59096K, reserved 1099776K
  class space    used 7887K, capacity 8376K, committed 8408K, reserved 1048576K
}
Event: 7.982 GC heap before
{Heap before GC invocations=13 (full 3):
 PSYoungGen      total 219648K, used 18422K [0x00000000e0000000, 0x00000000eee80000, 0x0000000100000000)
  eden space 201216K, 0% used [0x00000000e0000000,0x00000000e0000000,0x00000000ec480000)
  from space 18432K, 99% used [0x00000000eda00000,0x00000000eebfd8f8,0x00000000eec00000)
  to   space 21504K, 0% used [0x00000000ec480000,0x00000000ec480000,0x00000000ed980000)
 ParOldGen       total 92672K, used 24380K [0x00000000a0000000, 0x00000000a5a80000, 0x00000000e0000000)
  object space 92672K, 26% used [0x00000000a0000000,0x00000000a17cf1b8,0x00000000a5a80000)
 Metaspace       used 56950K, capacity 59014K, committed 59096K, reserved 1099776K
  class space    used 7887K, capacity 8376K, committed 8408K, reserved 1048576K
Event: 8.149 GC heap after
Heap after GC invocations=13 (full 3):
 PSYoungGen      total 219648K, used 0K [0x00000000e0000000, 0x00000000eee80000, 0x0000000100000000)
  eden space 201216K, 0% used [0x00000000e0000000,0x00000000e0000000,0x00000000ec480000)
  from space 18432K, 0% used [0x00000000eda00000,0x00000000eda00000,0x00000000eec00000)
  to   space 21504K, 0% used [0x00000000ec480000,0x00000000ec480000,0x00000000ed980000)
 ParOldGen       total 140800K, used 34338K [0x00000000a0000000, 0x00000000a8980000, 0x00000000e0000000)
  object space 140800K, 24% used [0x00000000a0000000,0x00000000a2188820,0x00000000a8980000)
 Metaspace       used 56816K, capacity 58648K, committed 59096K, reserved 1099776K
  class space    used 7845K, capacity 8301K, committed 8408K, reserved 1048576K
}
Event: 20.890 GC heap before
{Heap before GC invocations=14 (full 3):
 PSYoungGen      total 219648K, used 201216K [0x00000000e0000000, 0x00000000eee80000, 0x0000000100000000)
  eden space 201216K, 100% used [0x00000000e0000000,0x00000000ec480000,0x00000000ec480000)
  from space 18432K, 0% used [0x00000000eda00000,0x00000000eda00000,0x00000000eec00000)
  to   space 21504K, 0% used [0x00000000ec480000,0x00000000ec480000,0x00000000ed980000)
 ParOldGen       total 140800K, used 34338K [0x00000000a0000000, 0x00000000a8980000, 0x00000000e0000000)
  object space 140800K, 24% used [0x00000000a0000000,0x00000000a2188820,0x00000000a8980000)
 Metaspace       used 63838K, capacity 66160K, committed 66392K, reserved 1105920K
  class space    used 8738K, capacity 9265K, committed 9304K, reserved 1048576K
Event: 20.903 GC heap after
Heap after GC invocations=14 (full 3):
 PSYoungGen      total 222720K, used 15734K [0x00000000e0000000, 0x00000000f1500000, 0x0000000100000000)
  eden space 201216K, 0% used [0x00000000e0000000,0x00000000e0000000,0x00000000ec480000)
  from space 21504K, 73% used [0x00000000ec480000,0x00000000ed3dd878,0x00000000ed980000)
  to   space 22528K, 0% used [0x00000000eff00000,0x00000000eff00000,0x00000000f1500000)
 ParOldGen       total 140800K, used 34346K [0x00000000a0000000, 0x00000000a8980000, 0x00000000e0000000)
  object space 140800K, 24% used [0x00000000a0000000,0x00000000a218a820,0x00000000a8980000)
 Metaspace       used 63838K, capacity 66160K, committed 66392K, reserved 1105920K
  class space    used 8738K, capacity 9265K, committed 9304K, reserved 1048576K
}

