# JRE version: OpenJDK Runtime Environment (8.0_212-b04) (build 1.8.0_212-release-1586-b04)
# Java VM: OpenJDK 64-Bit Server VM (25.212-b04 mixed mode windows-amd64 compressed oops)
Heap:
 PSYoungGen      total 272896K, used 19878K [0x00000000e0000000, 0x00000000fd880000, 0x0000000100000000)
  eden space 257024K, 7% used [0x00000000e0000000,0x00000000e1369898,0x00000000efb00000)
  from space 15872K, 0% used [0x00000000efb00000,0x00000000efb00000,0x00000000f0a80000)
  to   space 16384K, 0% used [0x00000000fc880000,0x00000000fc880000,0x00000000fd880000)
 ParOldGen       total 71680K, used 17219K [0x00000000a0000000, 0x00000000a4600000, 0x00000000e0000000)
  object space 71680K, 24% used [0x00000000a0000000,0x00000000a10d0e50,0x00000000a4600000)
 Metaspace       used 35388K, capacity 36236K, committed 36392K, reserved 1081344K
  class space    used 4889K, capacity 5115K, committed 5160K, reserved 1048576K
GC Heap History (10 events):
Event: 1.980 GC heap before
{Heap before GC invocations=5 (full 0):
 PSYoungGen      total 136192K, used 6827K [0x00000000e0000000, 0x00000000e8a00000, 0x0000000100000000)
  eden space 131072K, 1% used [0x00000000e0000000,0x00000000e01b1c30,0x00000000e8000000)
  from space 5120K, 99% used [0x00000000e8500000,0x00000000e89f9050,0x00000000e8a00000)
  to   space 5120K, 0% used [0x00000000e8000000,0x00000000e8000000,0x00000000e8500000)
 ParOldGen       total 86016K, used 11873K [0x00000000a0000000, 0x00000000a5400000, 0x00000000e0000000)
  object space 86016K, 13% used [0x00000000a0000000,0x00000000a0b985a8,0x00000000a5400000)
 Metaspace       used 20724K, capacity 21202K, committed 21296K, reserved 1067008K
  class space    used 2996K, capacity 3161K, committed 3200K, reserved 1048576K
Event: 1.984 GC heap after
Heap after GC invocations=5 (full 0):
 PSYoungGen      total 136192K, used 5108K [0x00000000e0000000, 0x00000000f1b00000, 0x0000000100000000)
  eden space 131072K, 0% used [0x00000000e0000000,0x00000000e0000000,0x00000000e8000000)
  from space 5120K, 99% used [0x00000000e8000000,0x00000000e84fd060,0x00000000e8500000)
  to   space 13824K, 0% used [0x00000000f0d80000,0x00000000f0d80000,0x00000000f1b00000)
 ParOldGen       total 86016K, used 12059K [0x00000000a0000000, 0x00000000a5400000, 0x00000000e0000000)
  object space 86016K, 14% used [0x00000000a0000000,0x00000000a0bc6cd0,0x00000000a5400000)
 Metaspace       used 20724K, capacity 21202K, committed 21296K, reserved 1067008K
  class space    used 2996K, capacity 3161K, committed 3200K, reserved 1048576K
}
Event: 1.984 GC heap before
{Heap before GC invocations=6 (full 1):
 PSYoungGen      total 136192K, used 5108K [0x00000000e0000000, 0x00000000f1b00000, 0x0000000100000000)
  eden space 131072K, 0% used [0x00000000e0000000,0x00000000e0000000,0x00000000e8000000)
  from space 5120K, 99% used [0x00000000e8000000,0x00000000e84fd060,0x00000000e8500000)
  to   space 13824K, 0% used [0x00000000f0d80000,0x00000000f0d80000,0x00000000f1b00000)
 ParOldGen       total 86016K, used 12059K [0x00000000a0000000, 0x00000000a5400000, 0x00000000e0000000)
  object space 86016K, 14% used [0x00000000a0000000,0x00000000a0bc6cd0,0x00000000a5400000)
 Metaspace       used 20724K, capacity 21202K, committed 21296K, reserved 1067008K
  class space    used 2996K, capacity 3161K, committed 3200K, reserved 1048576K
Event: 2.007 GC heap after
Heap after GC invocations=6 (full 1):
 PSYoungGen      total 136192K, used 0K [0x00000000e0000000, 0x00000000f1b00000, 0x0000000100000000)
  eden space 131072K, 0% used [0x00000000e0000000,0x00000000e0000000,0x00000000e8000000)
  from space 5120K, 0% used [0x00000000e8000000,0x00000000e8000000,0x00000000e8500000)
  to   space 13824K, 0% used [0x00000000f0d80000,0x00000000f0d80000,0x00000000f1b00000)
 ParOldGen       total 56832K, used 12244K [0x00000000a0000000, 0x00000000a3780000, 0x00000000e0000000)
  object space 56832K, 21% used [0x00000000a0000000,0x00000000a0bf5390,0x00000000a3780000)
 Metaspace       used 20724K, capacity 21202K, committed 21296K, reserved 1067008K
  class space    used 2996K, capacity 3161K, committed 3200K, reserved 1048576K
}
Event: 2.905 GC heap before
{Heap before GC invocations=7 (full 1):
 PSYoungGen      total 136192K, used 131072K [0x00000000e0000000, 0x00000000f1b00000, 0x0000000100000000)
  eden space 131072K, 100% used [0x00000000e0000000,0x00000000e8000000,0x00000000e8000000)
  from space 5120K, 0% used [0x00000000e8000000,0x00000000e8000000,0x00000000e8500000)
  to   space 13824K, 0% used [0x00000000f0d80000,0x00000000f0d80000,0x00000000f1b00000)
 ParOldGen       total 56832K, used 12244K [0x00000000a0000000, 0x00000000a3780000, 0x00000000e0000000)
  object space 56832K, 21% used [0x00000000a0000000,0x00000000a0bf5390,0x00000000a3780000)
 Metaspace       used 31965K, capacity 32556K, committed 32768K, reserved 1077248K
  class space    used 4384K, capacity 4591K, committed 4608K, reserved 1048576K
Event: 2.916 GC heap after
Heap after GC invocations=7 (full 1):
 PSYoungGen      total 257536K, used 12671K [0x00000000e0000000, 0x00000000f1a00000, 0x0000000100000000)
  eden space 244736K, 0% used [0x00000000e0000000,0x00000000e0000000,0x00000000eef00000)
  from space 12800K, 98% used [0x00000000f0d80000,0x00000000f19dfe38,0x00000000f1a00000)
  to   space 15872K, 0% used [0x00000000efb00000,0x00000000efb00000,0x00000000f0a80000)
 ParOldGen       total 56832K, used 12252K [0x00000000a0000000, 0x00000000a3780000, 0x00000000e0000000)
  object space 56832K, 21% used [0x00000000a0000000,0x00000000a0bf7390,0x00000000a3780000)
 Metaspace       used 31965K, capacity 32556K, committed 32768K, reserved 1077248K
  class space    used 4384K, capacity 4591K, committed 4608K, reserved 1048576K
}
Event: 3.297 GC heap before
{Heap before GC invocations=8 (full 1):
 PSYoungGen      total 257536K, used 81890K [0x00000000e0000000, 0x00000000f1a00000, 0x0000000100000000)
  eden space 244736K, 28% used [0x00000000e0000000,0x00000000e4398d20,0x00000000eef00000)
  from space 12800K, 98% used [0x00000000f0d80000,0x00000000f19dfe38,0x00000000f1a00000)
  to   space 15872K, 0% used [0x00000000efb00000,0x00000000efb00000,0x00000000f0a80000)
 ParOldGen       total 56832K, used 12252K [0x00000000a0000000, 0x00000000a3780000, 0x00000000e0000000)
  object space 56832K, 21% used [0x00000000a0000000,0x00000000a0bf7390,0x00000000a3780000)
 Metaspace       used 34626K, capacity 35428K, committed 35496K, reserved 1079296K
  class space    used 4767K, capacity 5007K, committed 5032K, reserved 1048576K
Event: 3.306 GC heap after
Heap after GC invocations=8 (full 1):
 PSYoungGen      total 272896K, used 10462K [0x00000000e0000000, 0x00000000fd880000, 0x0000000100000000)
  eden space 257024K, 0% used [0x00000000e0000000,0x00000000e0000000,0x00000000efb00000)
  from space 15872K, 65% used [0x00000000efb00000,0x00000000f0537ad0,0x00000000f0a80000)
  to   space 16384K, 0% used [0x00000000fc880000,0x00000000fc880000,0x00000000fd880000)
 ParOldGen       total 56832K, used 12260K [0x00000000a0000000, 0x00000000a3780000, 0x00000000e0000000)
  object space 56832K, 21% used [0x00000000a0000000,0x00000000a0bf9390,0x00000000a3780000)
 Metaspace       used 34626K, capacity 35428K, committed 35496K, reserved 1079296K
  class space    used 4767K, capacity 5007K, committed 5032K, reserved 1048576K
}
Event: 3.306 GC heap before
{Heap before GC invocations=9 (full 2):
 PSYoungGen      total 272896K, used 10462K [0x00000000e0000000, 0x00000000fd880000, 0x0000000100000000)
  eden space 257024K, 0% used [0x00000000e0000000,0x00000000e0000000,0x00000000efb00000)
  from space 15872K, 65% used [0x00000000efb00000,0x00000000f0537ad0,0x00000000f0a80000)
  to   space 16384K, 0% used [0x00000000fc880000,0x00000000fc880000,0x00000000fd880000)
 ParOldGen       total 56832K, used 12260K [0x00000000a0000000, 0x00000000a3780000, 0x00000000e0000000)
  object space 56832K, 21% used [0x00000000a0000000,0x00000000a0bf9390,0x00000000a3780000)
 Metaspace       used 34626K, capacity 35428K, committed 35496K, reserved 1079296K
  class space    used 4767K, capacity 5007K, committed 5032K, reserved 1048576K
Event: 3.356 GC heap after
Heap after GC invocations=9 (full 2):
 PSYoungGen      total 272896K, used 0K [0x00000000e0000000, 0x00000000fd880000, 0x0000000100000000)
  eden space 257024K, 0% used [0x00000000e0000000,0x00000000e0000000,0x00000000efb00000)
  from space 15872K, 0% used [0x00000000efb00000,0x00000000efb00000,0x00000000f0a80000)
  to   space 16384K, 0% used [0x00000000fc880000,0x00000000fc880000,0x00000000fd880000)
 ParOldGen       total 71680K, used 17219K [0x00000000a0000000, 0x00000000a4600000, 0x00000000e0000000)
  object space 71680K, 24% used [0x00000000a0000000,0x00000000a10d0e50,0x00000000a4600000)
 Metaspace       used 34596K, capacity 35326K, committed 35496K, reserved 1079296K
  class space    used 4757K, capacity 4990K, committed 5032K, reserved 1048576K
}

