# JRE version: OpenJDK Runtime Environment (8.0_212-b04) (build 1.8.0_212-release-1586-b04)
# Java VM: OpenJDK 64-Bit Server VM (25.212-b04 mixed mode windows-amd64 compressed oops)
Heap:
 PSYoungGen      total 207360K, used 75979K [0x00000000e0000000, 0x00000000f0900000, 0x0000000100000000)
  eden space 186368K, 30% used [0x00000000e0000000,0x00000000e36ca900,0x00000000eb600000)
  from space 20992K, 94% used [0x00000000eb600000,0x00000000ec968578,0x00000000eca80000)
  to   space 23552K, 0% used [0x00000000ef200000,0x00000000ef200000,0x00000000f0900000)
 ParOldGen       total 142848K, used 31805K [0x00000000a0000000, 0x00000000a8b80000, 0x00000000e0000000)
  object space 142848K, 22% used [0x00000000a0000000,0x00000000a1f0f7e0,0x00000000a8b80000)
 Metaspace       used 64545K, capacity 67244K, committed 67456K, reserved 1107968K
  class space    used 8658K, capacity 9219K, committed 9344K, reserved 1048576K
GC Heap History (10 events):
Event: 3.143 GC heap before
{Heap before GC invocations=10 (full 2):
 PSYoungGen      total 168960K, used 9029K [0x00000000e0000000, 0x00000000ee880000, 0x0000000100000000)
  eden space 155136K, 0% used [0x00000000e0000000,0x00000000e0000000,0x00000000e9780000)
  from space 13824K, 65% used [0x00000000ea500000,0x00000000eadd14c8,0x00000000eb280000)
  to   space 13824K, 0% used [0x00000000e9780000,0x00000000e9780000,0x00000000ea500000)
 ParOldGen       total 66048K, used 11764K [0x00000000a0000000, 0x00000000a4080000, 0x00000000e0000000)
  object space 66048K, 17% used [0x00000000a0000000,0x00000000a0b7d270,0x00000000a4080000)
 Metaspace       used 34630K, capacity 35360K, committed 35456K, reserved 1079296K
  class space    used 4778K, capacity 4957K, committed 4992K, reserved 1048576K
Event: 3.206 GC heap after
Heap after GC invocations=10 (full 2):
 PSYoungGen      total 168960K, used 0K [0x00000000e0000000, 0x00000000ee880000, 0x0000000100000000)
  eden space 155136K, 0% used [0x00000000e0000000,0x00000000e0000000,0x00000000e9780000)
  from space 13824K, 0% used [0x00000000ea500000,0x00000000ea500000,0x00000000eb280000)
  to   space 13824K, 0% used [0x00000000e9780000,0x00000000e9780000,0x00000000ea500000)
 ParOldGen       total 97280K, used 15809K [0x00000000a0000000, 0x00000000a5f00000, 0x00000000e0000000)
  object space 97280K, 16% used [0x00000000a0000000,0x00000000a0f704c0,0x00000000a5f00000)
 Metaspace       used 34608K, capacity 35288K, committed 35456K, reserved 1079296K
  class space    used 4772K, capacity 4945K, committed 4992K, reserved 1048576K
}
Event: 4.423 GC heap before
{Heap before GC invocations=11 (full 2):
 PSYoungGen      total 168960K, used 155136K [0x00000000e0000000, 0x00000000ee880000, 0x0000000100000000)
  eden space 155136K, 100% used [0x00000000e0000000,0x00000000e9780000,0x00000000e9780000)
  from space 13824K, 0% used [0x00000000ea500000,0x00000000ea500000,0x00000000eb280000)
  to   space 13824K, 0% used [0x00000000e9780000,0x00000000e9780000,0x00000000ea500000)
 ParOldGen       total 97280K, used 15809K [0x00000000a0000000, 0x00000000a5f00000, 0x00000000e0000000)
  object space 97280K, 16% used [0x00000000a0000000,0x00000000a0f704c0,0x00000000a5f00000)
 Metaspace       used 50262K, capacity 51664K, committed 51840K, reserved 1093632K
  class space    used 6843K, capacity 7197K, committed 7296K, reserved 1048576K
Event: 4.440 GC heap after
Heap after GC invocations=11 (full 2):
 PSYoungGen      total 168960K, used 13810K [0x00000000e0000000, 0x00000000ede80000, 0x0000000100000000)
  eden space 155136K, 0% used [0x00000000e0000000,0x00000000e0000000,0x00000000e9780000)
  from space 13824K, 99% used [0x00000000e9780000,0x00000000ea4fca28,0x00000000ea500000)
  to   space 17920K, 0% used [0x00000000ecd00000,0x00000000ecd00000,0x00000000ede80000)
 ParOldGen       total 97280K, used 22053K [0x00000000a0000000, 0x00000000a5f00000, 0x00000000e0000000)
  object space 97280K, 22% used [0x00000000a0000000,0x00000000a1589558,0x00000000a5f00000)
 Metaspace       used 50262K, capacity 51664K, committed 51840K, reserved 1093632K
  class space    used 6843K, capacity 7197K, committed 7296K, reserved 1048576K
}
Event: 12.681 GC heap before
{Heap before GC invocations=12 (full 2):
 PSYoungGen      total 168960K, used 113579K [0x00000000e0000000, 0x00000000ede80000, 0x0000000100000000)
  eden space 155136K, 64% used [0x00000000e0000000,0x00000000e616e208,0x00000000e9780000)
  from space 13824K, 99% used [0x00000000e9780000,0x00000000ea4fca28,0x00000000ea500000)
  to   space 17920K, 0% used [0x00000000ecd00000,0x00000000ecd00000,0x00000000ede80000)
 ParOldGen       total 97280K, used 22053K [0x00000000a0000000, 0x00000000a5f00000, 0x00000000e0000000)
  object space 97280K, 22% used [0x00000000a0000000,0x00000000a1589558,0x00000000a5f00000)
 Metaspace       used 57337K, capacity 59022K, committed 59096K, reserved 1099776K
  class space    used 7664K, capacity 8056K, committed 8064K, reserved 1048576K
Event: 12.693 GC heap after
Heap after GC invocations=12 (full 2):
 PSYoungGen      total 204288K, used 17902K [0x00000000e0000000, 0x00000000edf00000, 0x0000000100000000)
  eden space 186368K, 0% used [0x00000000e0000000,0x00000000e0000000,0x00000000eb600000)
  from space 17920K, 99% used [0x00000000ecd00000,0x00000000ede7bb38,0x00000000ede80000)
  to   space 20992K, 0% used [0x00000000eb600000,0x00000000eb600000,0x00000000eca80000)
 ParOldGen       total 97280K, used 23504K [0x00000000a0000000, 0x00000000a5f00000, 0x00000000e0000000)
  object space 97280K, 24% used [0x00000000a0000000,0x00000000a16f4340,0x00000000a5f00000)
 Metaspace       used 57337K, capacity 59022K, committed 59096K, reserved 1099776K
  class space    used 7664K, capacity 8056K, committed 8064K, reserved 1048576K
}
Event: 12.693 GC heap before
{Heap before GC invocations=13 (full 3):
 PSYoungGen      total 204288K, used 17902K [0x00000000e0000000, 0x00000000edf00000, 0x0000000100000000)
  eden space 186368K, 0% used [0x00000000e0000000,0x00000000e0000000,0x00000000eb600000)
  from space 17920K, 99% used [0x00000000ecd00000,0x00000000ede7bb38,0x00000000ede80000)
  to   space 20992K, 0% used [0x00000000eb600000,0x00000000eb600000,0x00000000eca80000)
 ParOldGen       total 97280K, used 23504K [0x00000000a0000000, 0x00000000a5f00000, 0x00000000e0000000)
  object space 97280K, 24% used [0x00000000a0000000,0x00000000a16f4340,0x00000000a5f00000)
 Metaspace       used 57337K, capacity 59022K, committed 59096K, reserved 1099776K
  class space    used 7664K, capacity 8056K, committed 8064K, reserved 1048576K
Event: 12.833 GC heap after
Heap after GC invocations=13 (full 3):
 PSYoungGen      total 204288K, used 0K [0x00000000e0000000, 0x00000000edf00000, 0x0000000100000000)
  eden space 186368K, 0% used [0x00000000e0000000,0x00000000e0000000,0x00000000eb600000)
  from space 17920K, 0% used [0x00000000ecd00000,0x00000000ecd00000,0x00000000ede80000)
  to   space 20992K, 0% used [0x00000000eb600000,0x00000000eb600000,0x00000000eca80000)
 ParOldGen       total 142848K, used 31797K [0x00000000a0000000, 0x00000000a8b80000, 0x00000000e0000000)
  object space 142848K, 22% used [0x00000000a0000000,0x00000000a1f0d7e0,0x00000000a8b80000)
 Metaspace       used 57337K, capacity 59022K, committed 59096K, reserved 1099776K
  class space    used 7664K, capacity 8056K, committed 8064K, reserved 1048576K
}
Event: 15.315 GC heap before
{Heap before GC invocations=14 (full 3):
 PSYoungGen      total 204288K, used 186368K [0x00000000e0000000, 0x00000000edf00000, 0x0000000100000000)
  eden space 186368K, 100% used [0x00000000e0000000,0x00000000eb600000,0x00000000eb600000)
  from space 17920K, 0% used [0x00000000ecd00000,0x00000000ecd00000,0x00000000ede80000)
  to   space 20992K, 0% used [0x00000000eb600000,0x00000000eb600000,0x00000000eca80000)
 ParOldGen       total 142848K, used 31797K [0x00000000a0000000, 0x00000000a8b80000, 0x00000000e0000000)
  object space 142848K, 22% used [0x00000000a0000000,0x00000000a1f0d7e0,0x00000000a8b80000)
 Metaspace       used 63721K, capacity 66402K, committed 66560K, reserved 1105920K
  class space    used 8584K, capacity 9132K, committed 9216K, reserved 1048576K
Event: 15.328 GC heap after
Heap after GC invocations=14 (full 3):
 PSYoungGen      total 207360K, used 19873K [0x00000000e0000000, 0x00000000f0900000, 0x0000000100000000)
  eden space 186368K, 0% used [0x00000000e0000000,0x00000000e0000000,0x00000000eb600000)
  from space 20992K, 94% used [0x00000000eb600000,0x00000000ec968578,0x00000000eca80000)
  to   space 23552K, 0% used [0x00000000ef200000,0x00000000ef200000,0x00000000f0900000)
 ParOldGen       total 142848K, used 31805K [0x00000000a0000000, 0x00000000a8b80000, 0x00000000e0000000)
  object space 142848K, 22% used [0x00000000a0000000,0x00000000a1f0f7e0,0x00000000a8b80000)
 Metaspace       used 63721K, capacity 66402K, committed 66560K, reserved 1105920K
  class space    used 8584K, capacity 9132K, committed 9216K, reserved 1048576K
}

