# JRE version: OpenJDK Runtime Environment (8.0_212-b04) (build 1.8.0_212-release-1586-b04)
# Java VM: OpenJDK 64-Bit Server VM (25.212-b04 mixed mode windows-amd64 compressed oops)
Heap:
 PSYoungGen      total 272896K, used 81817K [0x00000000e0000000, 0x00000000fe080000, 0x0000000100000000)
  eden space 257024K, 31% used [0x00000000e0000000,0x00000000e4fe65d0,0x00000000efb00000)
  from space 15872K, 0% used [0x00000000efb00000,0x00000000efb00000,0x00000000f0a80000)
  to   space 15872K, 0% used [0x00000000fd100000,0x00000000fd100000,0x00000000fe080000)
 ParOldGen       total 65536K, used 17044K [0x00000000a0000000, 0x00000000a4000000, 0x00000000e0000000)
  object space 65536K, 26% used [0x00000000a0000000,0x00000000a10a5350,0x00000000a4000000)
 Metaspace       used 42830K, capacity 43872K, committed 44032K, reserved 1087488K
  class space    used 5783K, capacity 6086K, committed 6144K, reserved 1048576K
GC Heap History (10 events):
Event: 2.435 GC heap before
{Heap before GC invocations=5 (full 0):
 PSYoungGen      total 136192K, used 6827K [0x00000000e0000000, 0x00000000e8a00000, 0x0000000100000000)
  eden space 131072K, 1% used [0x00000000e0000000,0x00000000e01b2e10,0x00000000e8000000)
  from space 5120K, 99% used [0x00000000e8500000,0x00000000e89f8030,0x00000000e8a00000)
  to   space 5120K, 0% used [0x00000000e8000000,0x00000000e8000000,0x00000000e8500000)
 ParOldGen       total 86016K, used 11950K [0x00000000a0000000, 0x00000000a5400000, 0x00000000e0000000)
  object space 86016K, 13% used [0x00000000a0000000,0x00000000a0babba0,0x00000000a5400000)
 Metaspace       used 20730K, capacity 21202K, committed 21296K, reserved 1067008K
  class space    used 2997K, capacity 3161K, committed 3200K, reserved 1048576K
Event: 2.440 GC heap after
Heap after GC invocations=5 (full 0):
 PSYoungGen      total 136192K, used 5088K [0x00000000e0000000, 0x00000000f1b00000, 0x0000000100000000)
  eden space 131072K, 0% used [0x00000000e0000000,0x00000000e0000000,0x00000000e8000000)
  from space 5120K, 99% used [0x00000000e8000000,0x00000000e84f8030,0x00000000e8500000)
  to   space 13824K, 0% used [0x00000000f0d80000,0x00000000f0d80000,0x00000000f1b00000)
 ParOldGen       total 86016K, used 12084K [0x00000000a0000000, 0x00000000a5400000, 0x00000000e0000000)
  object space 86016K, 14% used [0x00000000a0000000,0x00000000a0bcd330,0x00000000a5400000)
 Metaspace       used 20730K, capacity 21202K, committed 21296K, reserved 1067008K
  class space    used 2997K, capacity 3161K, committed 3200K, reserved 1048576K
}
Event: 2.440 GC heap before
{Heap before GC invocations=6 (full 1):
 PSYoungGen      total 136192K, used 5088K [0x00000000e0000000, 0x00000000f1b00000, 0x0000000100000000)
  eden space 131072K, 0% used [0x00000000e0000000,0x00000000e0000000,0x00000000e8000000)
  from space 5120K, 99% used [0x00000000e8000000,0x00000000e84f8030,0x00000000e8500000)
  to   space 13824K, 0% used [0x00000000f0d80000,0x00000000f0d80000,0x00000000f1b00000)
 ParOldGen       total 86016K, used 12084K [0x00000000a0000000, 0x00000000a5400000, 0x00000000e0000000)
  object space 86016K, 14% used [0x00000000a0000000,0x00000000a0bcd330,0x00000000a5400000)
 Metaspace       used 20730K, capacity 21202K, committed 21296K, reserved 1067008K
  class space    used 2997K, capacity 3161K, committed 3200K, reserved 1048576K
Event: 2.468 GC heap after
Heap after GC invocations=6 (full 1):
 PSYoungGen      total 136192K, used 0K [0x00000000e0000000, 0x00000000f1b00000, 0x0000000100000000)
  eden space 131072K, 0% used [0x00000000e0000000,0x00000000e0000000,0x00000000e8000000)
  from space 5120K, 0% used [0x00000000e8000000,0x00000000e8000000,0x00000000e8500000)
  to   space 13824K, 0% used [0x00000000f0d80000,0x00000000f0d80000,0x00000000f1b00000)
 ParOldGen       total 51712K, used 7329K [0x00000000a0000000, 0x00000000a3280000, 0x00000000e0000000)
  object space 51712K, 14% used [0x00000000a0000000,0x00000000a0728588,0x00000000a3280000)
 Metaspace       used 20730K, capacity 21202K, committed 21296K, reserved 1067008K
  class space    used 2997K, capacity 3161K, committed 3200K, reserved 1048576K
}
Event: 4.476 GC heap before
{Heap before GC invocations=7 (full 1):
 PSYoungGen      total 136192K, used 131072K [0x00000000e0000000, 0x00000000f1b00000, 0x0000000100000000)
  eden space 131072K, 100% used [0x00000000e0000000,0x00000000e8000000,0x00000000e8000000)
  from space 5120K, 0% used [0x00000000e8000000,0x00000000e8000000,0x00000000e8500000)
  to   space 13824K, 0% used [0x00000000f0d80000,0x00000000f0d80000,0x00000000f1b00000)
 ParOldGen       total 51712K, used 7329K [0x00000000a0000000, 0x00000000a3280000, 0x00000000e0000000)
  object space 51712K, 14% used [0x00000000a0000000,0x00000000a0728588,0x00000000a3280000)
 Metaspace       used 31964K, capacity 32556K, committed 32768K, reserved 1077248K
  class space    used 4382K, capacity 4591K, committed 4608K, reserved 1048576K
Event: 4.489 GC heap after
Heap after GC invocations=7 (full 1):
 PSYoungGen      total 260608K, used 12636K [0x00000000e0000000, 0x00000000f1a00000, 0x0000000100000000)
  eden space 247808K, 0% used [0x00000000e0000000,0x00000000e0000000,0x00000000ef200000)
  from space 12800K, 98% used [0x00000000f0d80000,0x00000000f19d7198,0x00000000f1a00000)
  to   space 15872K, 0% used [0x00000000efb00000,0x00000000efb00000,0x00000000f0a80000)
 ParOldGen       total 51712K, used 7337K [0x00000000a0000000, 0x00000000a3280000, 0x00000000e0000000)
  object space 51712K, 14% used [0x00000000a0000000,0x00000000a072a588,0x00000000a3280000)
 Metaspace       used 31964K, capacity 32556K, committed 32768K, reserved 1077248K
  class space    used 4382K, capacity 4591K, committed 4608K, reserved 1048576K
}
Event: 12.911 GC heap before
{Heap before GC invocations=8 (full 1):
 PSYoungGen      total 260608K, used 80912K [0x00000000e0000000, 0x00000000f1a00000, 0x0000000100000000)
  eden space 247808K, 27% used [0x00000000e0000000,0x00000000e42ad110,0x00000000ef200000)
  from space 12800K, 98% used [0x00000000f0d80000,0x00000000f19d7198,0x00000000f1a00000)
  to   space 15872K, 0% used [0x00000000efb00000,0x00000000efb00000,0x00000000f0a80000)
 ParOldGen       total 51712K, used 7337K [0x00000000a0000000, 0x00000000a3280000, 0x00000000e0000000)
  object space 51712K, 14% used [0x00000000a0000000,0x00000000a072a588,0x00000000a3280000)
 Metaspace       used 34577K, capacity 35388K, committed 35456K, reserved 1079296K
  class space    used 4751K, capacity 4973K, committed 4992K, reserved 1048576K
Event: 12.933 GC heap after
Heap after GC invocations=8 (full 1):
 PSYoungGen      total 272896K, used 10332K [0x00000000e0000000, 0x00000000fe080000, 0x0000000100000000)
  eden space 257024K, 0% used [0x00000000e0000000,0x00000000e0000000,0x00000000efb00000)
  from space 15872K, 65% used [0x00000000efb00000,0x00000000f0517218,0x00000000f0a80000)
  to   space 15872K, 0% used [0x00000000fd100000,0x00000000fd100000,0x00000000fe080000)
 ParOldGen       total 51712K, used 7345K [0x00000000a0000000, 0x00000000a3280000, 0x00000000e0000000)
  object space 51712K, 14% used [0x00000000a0000000,0x00000000a072c588,0x00000000a3280000)
 Metaspace       used 34577K, capacity 35388K, committed 35456K, reserved 1079296K
  class space    used 4751K, capacity 4973K, committed 4992K, reserved 1048576K
}
Event: 12.933 GC heap before
{Heap before GC invocations=9 (full 2):
 PSYoungGen      total 272896K, used 10332K [0x00000000e0000000, 0x00000000fe080000, 0x0000000100000000)
  eden space 257024K, 0% used [0x00000000e0000000,0x00000000e0000000,0x00000000efb00000)
  from space 15872K, 65% used [0x00000000efb00000,0x00000000f0517218,0x00000000f0a80000)
  to   space 15872K, 0% used [0x00000000fd100000,0x00000000fd100000,0x00000000fe080000)
 ParOldGen       total 51712K, used 7345K [0x00000000a0000000, 0x00000000a3280000, 0x00000000e0000000)
  object space 51712K, 14% used [0x00000000a0000000,0x00000000a072c588,0x00000000a3280000)
 Metaspace       used 34577K, capacity 35388K, committed 35456K, reserved 1079296K
  class space    used 4751K, capacity 4973K, committed 4992K, reserved 1048576K
Event: 13.027 GC heap after
Heap after GC invocations=9 (full 2):
 PSYoungGen      total 272896K, used 0K [0x00000000e0000000, 0x00000000fe080000, 0x0000000100000000)
  eden space 257024K, 0% used [0x00000000e0000000,0x00000000e0000000,0x00000000efb00000)
  from space 15872K, 0% used [0x00000000efb00000,0x00000000efb00000,0x00000000f0a80000)
  to   space 15872K, 0% used [0x00000000fd100000,0x00000000fd100000,0x00000000fe080000)
 ParOldGen       total 65536K, used 17044K [0x00000000a0000000, 0x00000000a4000000, 0x00000000e0000000)
  object space 65536K, 26% used [0x00000000a0000000,0x00000000a10a5350,0x00000000a4000000)
 Metaspace       used 34549K, capacity 35292K, committed 35456K, reserved 1079296K
  class space    used 4742K, capacity 4957K, committed 4992K, reserved 1048576K
}

